<?xml version="1.0" encoding="UTF-8"?>
<!-- Generated by org.testng.reporters.JUnitReportReporter -->
<testsuite skipped="0" hostname="MONO-HYD-LAP-44" name="com.amc.Testclasess.execute.WOP_launchAndLogin" tests="1" failures="0" timestamp="26 Mar 2020 08:16:55 GMT" time="38.144" errors="0">
  <testcase name="launch" time="38.144" classname="com.amc.Testclasess.execute.WOP_launchAndLogin"/>
</testsuite> <!-- com.amc.Testclasess.execute.WOP_launchAndLogin -->
