<?xml version="1.0" encoding="UTF-8"?>
<!-- Generated by org.testng.reporters.JUnitReportReporter -->
<testsuite skipped="0" hostname="MONO-HYD-LAP-44" name="com.amc.testcases.DynamicTestNG" tests="1" failures="0" timestamp="09 Apr 2020 18:06:07 GMT" time="2.334" errors="0">
  <testcase name="ExecuteScripts" time="2.334" classname="com.amc.testcases.DynamicTestNG"/>
</testsuite> <!-- com.amc.testcases.DynamicTestNG -->
