<?xml version="1.0" encoding="UTF-8"?>
<!-- Generated by org.testng.reporters.JUnitReportReporter -->
<testsuite skipped="0" hostname="MONO-HYD-LAP-44" name="com.amc.Testclasess.execute.CampaignHierarchyValidations" tests="1" failures="0" timestamp="26 Mar 2020 08:16:55 GMT" time="2.004" errors="0">
  <testcase name="campaignHierarchycomparison" time="2.004" classname="com.amc.Testclasess.execute.CampaignHierarchyValidations"/>
</testsuite> <!-- com.amc.Testclasess.execute.CampaignHierarchyValidations -->
