<?xml version="1.0" encoding="UTF-8"?>
<!-- Generated by org.testng.reporters.JUnitReportReporter -->
<testsuite skipped="0" hostname="MONO-HYD-LAP-44" name="com.amc.testcases.CMSNVRecordPush" tests="1" failures="0" timestamp="17 Sep 2019 15:40:50 GMT" time="91.372" errors="0">
  <testcase name="CMSNVRecordMigrationTest" time="91.372" classname="com.amc.testcases.CMSNVRecordPush"/>
</testsuite> <!-- com.amc.testcases.CMSNVRecordPush -->
