<?xml version="1.0" encoding="UTF-8"?>
<!-- Generated by org.testng.reporters.JUnitReportReporter -->
<testsuite skipped="0" hostname="MONO-HYD-LAP-44" name="com.amc.testcases.PortalMetadataScreen" tests="3" failures="0" timestamp="17 Sep 2019 15:40:50 GMT" time="1.993" errors="0">
  <testcase name="validatePortalAMCNIDWithCMSNVPayLoad" time="0.291" classname="com.amc.testcases.PortalMetadataScreen"/>
  <testcase name="validatePortalTitleWithCMSNVPayLoad" time="0.364" classname="com.amc.testcases.PortalMetadataScreen"/>
  <testcase name="validatePortalEpisdoeNumberWithCMSNVPayLoad" time="1.338" classname="com.amc.testcases.PortalMetadataScreen"/>
</testsuite> <!-- com.amc.testcases.PortalMetadataScreen -->
