<?xml version="1.0" encoding="UTF-8"?>
<!-- Generated by org.testng.reporters.JUnitReportReporter -->
<testsuite skipped="0" hostname="MONO-HYD-LAP-44" name="com.amc.testcases.DynamicTestNG" tests="1" failures="0" timestamp="26 Mar 2020 08:16:55 GMT" time="719.854" errors="0">
  <testcase name="ExecuteScripts" time="719.854" classname="com.amc.testcases.DynamicTestNG"/>
</testsuite> <!-- com.amc.testcases.DynamicTestNG -->
