<?xml version="1.0" encoding="UTF-8"?>
<!-- Generated by org.testng.reporters.JUnitReportReporter -->
<testsuite skipped="0" hostname="MONO-HYD-LAP-41" name="com.amc.Testclasess.execute.launchAndLogin" tests="1" failures="0" timestamp="18 Feb 2020 13:16:31 GMT" time="43.300" errors="0">
  <testcase name="launch" time="43.300" classname="com.amc.Testclasess.execute.launchAndLogin"/>
</testsuite> <!-- com.amc.Testclasess.execute.launchAndLogin -->
