<?xml version="1.0" encoding="UTF-8"?>
<!-- Generated by org.testng.reporters.JUnitReportReporter -->
<testsuite skipped="0" hostname="AUTOQA01-AWSNP" name="com.amc.Testclasess.execute.CampaignHierarchyValidations" tests="1" failures="0" timestamp="13 Apr 2020 17:14:28 GMT" time="2.003" errors="0">
  <testcase name="campaignHierarchycomparison" time="2.003" classname="com.amc.Testclasess.execute.CampaignHierarchyValidations"/>
</testsuite> <!-- com.amc.Testclasess.execute.CampaignHierarchyValidations -->
