<?xml version="1.0" encoding="UTF-8"?>
<!-- Generated by org.testng.reporters.JUnitReportReporter -->
<testsuite skipped="0" hostname="MONO-HYD-LAP-44" name="com.amc.Testclasess.execute.WOP_TrailerCampaign" tests="1" failures="0" timestamp="26 Mar 2020 08:16:55 GMT" time="393.120" errors="0">
  <testcase name="wopTrailerCampaignTest" time="393.120" classname="com.amc.Testclasess.execute.WOP_TrailerCampaign"/>
</testsuite> <!-- com.amc.Testclasess.execute.WOP_TrailerCampaign -->
