<?xml version="1.0" encoding="UTF-8"?>
<!-- Generated by org.testng.reporters.JUnitReportReporter -->
<testsuite skipped="0" hostname="AUTOQA01-AWSNP" name="com.amc.testcases.DynamicTestNG" tests="1" failures="0" timestamp="13 Apr 2020 17:14:28 GMT" time="156.050" errors="0">
  <testcase name="ExecuteScripts" time="156.050" classname="com.amc.testcases.DynamicTestNG"/>
</testsuite> <!-- com.amc.testcases.DynamicTestNG -->
