<?xml version="1.0" encoding="UTF-8"?>
<!-- Generated by org.testng.reporters.JUnitReportReporter -->
<testsuite skipped="0" hostname="MONO-HYD-LAP-41" name="com.amc.Testclasess.execute.DryRun" tests="3" failures="0" timestamp="24 Jun 2020 17:58:06 GMT" time="0.078" errors="0">
  <testcase name="dryRun" time="0.069" classname="com.amc.Testclasess.execute.DryRun"/>
  <testcase name="dryRun2" time="0.005" classname="com.amc.Testclasess.execute.DryRun"/>
  <testcase name="dryRun3" time="0.004" classname="com.amc.Testclasess.execute.DryRun"/>
</testsuite> <!-- com.amc.Testclasess.execute.DryRun -->
