<?xml version="1.0" encoding="UTF-8"?>
<!-- Generated by org.testng.reporters.JUnitReportReporter -->
<testsuite skipped="0" hostname="MONO-HYD-LAP-41" name="com.amc.Testclasess.execute.WOP_TrailerCampaign" tests="1" failures="0" timestamp="29 Jun 2020 09:22:44 GMT" time="277.305" errors="0">
  <testcase name="wopTrailerCampaignTest" time="277.305" classname="com.amc.Testclasess.execute.WOP_TrailerCampaign"/>
</testsuite> <!-- com.amc.Testclasess.execute.WOP_TrailerCampaign -->
