<?xml version="1.0" encoding="UTF-8"?>
<!-- Generated by org.testng.reporters.JUnitReportReporter -->
<testsuite skipped="0" hostname="MONO-HYD-LAP-41" name="com.amc.Testclasess.execute.MasterTrailerDataValidations" tests="6" failures="0" timestamp="29 Jun 2020 09:22:44 GMT" time="124.393" errors="0">
  <testcase name="MasterTrailerAndTrailerDataSelectionTest" time="124.382" classname="com.amc.Testclasess.execute.MasterTrailerDataValidations"/>
  <testcase name="validateTitleTest" time="0.002" classname="com.amc.Testclasess.execute.MasterTrailerDataValidations"/>
  <testcase name="validateExpectedFrameRateTest" time="0.002" classname="com.amc.Testclasess.execute.MasterTrailerDataValidations"/>
  <testcase name="validateExpectedVideoCodecTest" time="0.002" classname="com.amc.Testclasess.execute.MasterTrailerDataValidations"/>
  <testcase name="validateExpectedAspectRatioTest" time="0.002" classname="com.amc.Testclasess.execute.MasterTrailerDataValidations"/>
  <testcase name="validateExpectedFormatTest" time="0.003" classname="com.amc.Testclasess.execute.MasterTrailerDataValidations"/>
</testsuite> <!-- com.amc.Testclasess.execute.MasterTrailerDataValidations -->
