<?xml version="1.0" encoding="UTF-8"?>
<!-- Generated by org.testng.reporters.JUnitReportReporter -->
<testsuite skipped="0" hostname="MONO-HYD-LAP-41" name="com.amc.Testclasess.execute.scheduleThroughExploitationWindowBrowser" tests="1" failures="0" timestamp="21 Oct 2019 14:16:51 GMT" time="49.555" errors="0">
  <testcase name="scheduleThroughExploitationWindow" time="49.555" classname="com.amc.Testclasess.execute.scheduleThroughExploitationWindowBrowser"/>
</testsuite> <!-- com.amc.Testclasess.execute.scheduleThroughExploitationWindowBrowser -->
