<?xml version="1.0" encoding="UTF-8"?>
<!-- Generated by org.testng.reporters.JUnitReportReporter -->
<testsuite skipped="0" hostname="MONO-HYD-LAP-41" name="com.amc.Testclasess.execute.MP_campaignData" tests="1" failures="0" timestamp="29 Jun 2020 09:22:44 GMT" time="52.375" errors="0">
  <testcase name="CampaginIntigrationFromWOPtoMP" time="52.375" classname="com.amc.Testclasess.execute.MP_campaignData"/>
</testsuite> <!-- com.amc.Testclasess.execute.MP_campaignData -->
