<?xml version="1.0" encoding="UTF-8"?>
<!-- Generated by org.testng.reporters.JUnitReportReporter -->
<testsuite skipped="0" hostname="MONO-HYD-LAP-41" name="com.amc.Testclasess.execute.trailerCampaign" tests="1" failures="0" timestamp="24 Feb 2020 13:27:08 GMT" time="0.030" errors="0">
  <testcase name="wopTrailerCampaignTest" time="0.030" classname="com.amc.Testclasess.execute.trailerCampaign"/>
</testsuite> <!-- com.amc.Testclasess.execute.trailerCampaign -->
