<?xml version="1.0" encoding="UTF-8"?>
<!-- Generated by org.testng.reporters.JUnitReportReporter -->
<testsuite skipped="0" hostname="MONO-HYD-LAP-41" name="com.amc.Testclasess.execute.CampaignDataValidations" tests="3" failures="0" timestamp="29 Jun 2020 09:22:44 GMT" time="0.019" errors="0">
  <testcase name="validateCampaignTitleTest" time="0.013" classname="com.amc.Testclasess.execute.CampaignDataValidations"/>
  <testcase name="validateCampaignOwnerTest" time="0.002" classname="com.amc.Testclasess.execute.CampaignDataValidations"/>
  <testcase name="validateOwnerNetworkTest" time="0.004" classname="com.amc.Testclasess.execute.CampaignDataValidations"/>
</testsuite> <!-- com.amc.Testclasess.execute.CampaignDataValidations -->
