<?xml version="1.0" encoding="UTF-8"?>
<!-- Generated by org.testng.reporters.JUnitReportReporter -->
<testsuite skipped="0" hostname="MONO-HYD-LAP-44" name="com.amc.testcases.BusinessSystemFields" tests="2" failures="2" timestamp="17 Sep 2019 15:40:50 GMT" time="300.055" errors="0">
  <testcase name="CMSNVFieldValidationsWithWOPTest" time="10.653" classname="com.amc.testcases.BusinessSystemFields">
    <failure type="java.lang.AssertionError" message="The following asserts failed:
	CMSNV Title ( Law &amp;amp; Order: 01-007: By Hooker, By Crook ) is not Matched with WOP Title ( Law &amp; Order: 01-007: By Hooker, By Crook )">
      <![CDATA[java.lang.AssertionError: The following asserts failed:
CMSNV Title ( Law &amp; Order: 01-007: By Hooker, By Crook ) is not Matched with WOP Title ( Law & Order: 01-007: By Hooker, By Crook )
at org.testng.asserts.SoftAssert.assertAll(SoftAssert.java:43)
at com.amc.txbase.ApiUtil.getapiExecute(ApiUtil.java:270)
at com.amc.txbase.Utility.APIResponse(Utility.java:75)
at com.amc.testcases.BusinessSystemFields.CMSNVFieldValidationsWithWOPTest(BusinessSystemFields.java:44)
at sun.reflect.NativeMethodAccessorImpl.invoke0(Native Method)
at sun.reflect.NativeMethodAccessorImpl.invoke(NativeMethodAccessorImpl.java:62)
at sun.reflect.DelegatingMethodAccessorImpl.invoke(DelegatingMethodAccessorImpl.java:43)
at java.lang.reflect.Method.invoke(Method.java:498)
at org.testng.internal.MethodInvocationHelper.invokeMethod(MethodInvocationHelper.java:124)
at org.testng.internal.Invoker.invokeMethod(Invoker.java:583)
at org.testng.internal.Invoker.invokeTestMethod(Invoker.java:719)
at org.testng.internal.Invoker.invokeTestMethods(Invoker.java:989)
at org.testng.internal.TestMethodWorker.invokeTestMethods(TestMethodWorker.java:125)
at org.testng.internal.TestMethodWorker.run(TestMethodWorker.java:109)
at org.testng.TestRunner.privateRun(TestRunner.java:648)
at org.testng.TestRunner.run(TestRunner.java:505)
at org.testng.SuiteRunner.runTest(SuiteRunner.java:455)
at org.testng.SuiteRunner.runSequentially(SuiteRunner.java:450)
at org.testng.SuiteRunner.privateRun(SuiteRunner.java:415)
at org.testng.SuiteRunner.run(SuiteRunner.java:364)
at org.testng.SuiteRunnerWorker.runSuite(SuiteRunnerWorker.java:52)
at org.testng.SuiteRunnerWorker.run(SuiteRunnerWorker.java:84)
at org.testng.TestNG.runSuitesSequentially(TestNG.java:1208)
at org.testng.TestNG.runSuitesLocally(TestNG.java:1137)
at org.testng.TestNG.runSuites(TestNG.java:1049)
at org.testng.TestNG.run(TestNG.java:1017)
at org.testng.remote.AbstractRemoteTestNG.run(AbstractRemoteTestNG.java:114)
at org.testng.remote.RemoteTestNG.initAndRun(RemoteTestNG.java:251)
at org.testng.remote.RemoteTestNG.main(RemoteTestNG.java:77)
]]>
    </failure>
  </testcase> <!-- CMSNVFieldValidationsWithWOPTest -->
  <testcase name="CMSNVFieldValidationsWithMPTest" time="289.402" classname="com.amc.testcases.BusinessSystemFields">
    <failure type="java.lang.AssertionError" message="The following asserts failed:
	CMSNV Title ( Law &amp;amp; Order: 01-007: By Hooker, By Crook ) is not Matched with WOP Title ( Law &amp; Order: 01-007: By Hooker, By Crook ),
	CMSNV Title ( Law &amp;amp; Order: 01-007: By Hooker, By Crook ) is not Matched with MP Title ( Law &amp; Order: 01-007: By Hooker, By Crook )">
      <![CDATA[java.lang.AssertionError: The following asserts failed:
CMSNV Title ( Law &amp; Order: 01-007: By Hooker, By Crook ) is not Matched with WOP Title ( Law & Order: 01-007: By Hooker, By Crook ),
CMSNV Title ( Law &amp; Order: 01-007: By Hooker, By Crook ) is not Matched with MP Title ( Law & Order: 01-007: By Hooker, By Crook )
at org.testng.asserts.SoftAssert.assertAll(SoftAssert.java:43)
at com.amc.txbase.ApiUtil.testhttpclientforPost(ApiUtil.java:522)
at com.amc.txbase.Utility.APIResponse(Utility.java:83)
at com.amc.testcases.BusinessSystemFields.CMSNVFieldValidationsWithMPTest(BusinessSystemFields.java:59)
at sun.reflect.NativeMethodAccessorImpl.invoke0(Native Method)
at sun.reflect.NativeMethodAccessorImpl.invoke(NativeMethodAccessorImpl.java:62)
at sun.reflect.DelegatingMethodAccessorImpl.invoke(DelegatingMethodAccessorImpl.java:43)
at java.lang.reflect.Method.invoke(Method.java:498)
at org.testng.internal.MethodInvocationHelper.invokeMethod(MethodInvocationHelper.java:124)
at org.testng.internal.Invoker.invokeMethod(Invoker.java:583)
at org.testng.internal.Invoker.invokeTestMethod(Invoker.java:719)
at org.testng.internal.Invoker.invokeTestMethods(Invoker.java:989)
at org.testng.internal.TestMethodWorker.invokeTestMethods(TestMethodWorker.java:125)
at org.testng.internal.TestMethodWorker.run(TestMethodWorker.java:109)
at org.testng.TestRunner.privateRun(TestRunner.java:648)
at org.testng.TestRunner.run(TestRunner.java:505)
at org.testng.SuiteRunner.runTest(SuiteRunner.java:455)
at org.testng.SuiteRunner.runSequentially(SuiteRunner.java:450)
at org.testng.SuiteRunner.privateRun(SuiteRunner.java:415)
at org.testng.SuiteRunner.run(SuiteRunner.java:364)
at org.testng.SuiteRunnerWorker.runSuite(SuiteRunnerWorker.java:52)
at org.testng.SuiteRunnerWorker.run(SuiteRunnerWorker.java:84)
at org.testng.TestNG.runSuitesSequentially(TestNG.java:1208)
at org.testng.TestNG.runSuitesLocally(TestNG.java:1137)
at org.testng.TestNG.runSuites(TestNG.java:1049)
at org.testng.TestNG.run(TestNG.java:1017)
at org.testng.remote.AbstractRemoteTestNG.run(AbstractRemoteTestNG.java:114)
at org.testng.remote.RemoteTestNG.initAndRun(RemoteTestNG.java:251)
at org.testng.remote.RemoteTestNG.main(RemoteTestNG.java:77)
]]>
    </failure>
  </testcase> <!-- CMSNVFieldValidationsWithMPTest -->
</testsuite> <!-- com.amc.testcases.BusinessSystemFields -->
