<?xml version="1.0" encoding="UTF-8"?>
<!-- Generated by org.testng.reporters.JUnitReportReporter -->
<testsuite skipped="0" hostname="MONO-HYD-LAP-41" name="com.amc.Testclasess.execute.scheduleThroughPrellminaryGenaricPrograme" tests="1" failures="0" timestamp="21 Oct 2019 13:36:41 GMT" time="25.953" errors="0">
  <testcase name="scheduleThroughPrellminaryGenaric" time="25.953" classname="com.amc.Testclasess.execute.scheduleThroughPrellminaryGenaricPrograme"/>
</testsuite> <!-- com.amc.Testclasess.execute.scheduleThroughPrellminaryGenaricPrograme -->
